{"numTotalTestSuites":2,"numPassedTestSuites":2,"numFailedTestSuites":0,"numPendingTestSuites":0,"numTotalTests":1,"numPassedTests":1,"numFailedTests":0,"numPendingTests":0,"numTodoTests":0,"snapshot":{"added":0,"failure":false,"filesAdded":0,"filesRemoved":0,"filesRemovedList":[],"filesUnmatched":0,"filesUpdated":0,"matched":0,"total":0,"unchecked":0,"uncheckedKeysByFile":[],"unmatched":0,"updated":0,"didUpdate":false},"startTime":1771169459616,"success":true,"testResults":[{"assertionResults":[{"ancestorTitles":["public route internal link crawl"],"fullName":"public route internal link crawl ensures seeded marketing routes do not link to unresolved app routes","status":"passed","title":"ensures seeded marketing routes do not link to unresolved app routes","duration":19.110669000000144,"failureMessages":[],"meta":{}}],"startTime":1771169461333,"endTime":1771169461352.1106,"status":"passed","message":"","name":"/workspace/Zeo/apps/web/src/app/public-link-crawl.test.ts"}]}